<?xml version="1.0" encoding="UTF-8"?>
<!-- Generated by org.testng.reporters.JUnitReportReporter -->
<testsuite skipped="0" hostname="DESKTOP-D5KJBUL" name="InviteSellerMemberNormalShare" tests="3" failures="0" timestamp="02 Jul 2018 07:37:48 GMT" time="390.710" errors="0">
  <testcase name="homepageLoginSellerMember" time="53.325" classname="InviteSellerMemberNormalShare"/>
  <testcase name="community_InviteFromSellerMember" time="164.294" classname="InviteSellerMemberNormalShare"/>
  <testcase name="invite_URL" time="173.091" classname="InviteSellerMemberNormalShare"/>
</testsuite> <!-- InviteSellerMemberNormalShare -->
