<?xml version="1.0" encoding="UTF-8"?>
<!-- Generated by org.testng.reporters.JUnitReportReporter -->
<testsuite skipped="0" hostname="DESKTOP-D5KJBUL" name="BulkUploadValidationOne" tests="2" failures="0" timestamp="02 Jul 2018 07:37:48 GMT" time="146.410" errors="0">
  <testcase name="Login" time="47.066" classname="BulkUploadValidationOne"/>
  <testcase name="bulkInvite_URL2000Validation" time="99.344" classname="BulkUploadValidationOne"/>
</testsuite> <!-- BulkUploadValidationOne -->
