<?xml version="1.0" encoding="UTF-8"?>
<!-- Generated by org.testng.reporters.JUnitReportReporter -->
<testsuite skipped="0" hostname="DESKTOP-D5KJBUL" name="LoginXSLX" tests="2" failures="0" timestamp="02 Jul 2018 07:37:48 GMT" time="89.694" errors="0">
  <testcase name="loginmember" time="60.733" classname="LoginXSLX"/>
  <testcase name="loginmember" time="28.961" classname="LoginXSLX"/>
</testsuite> <!-- LoginXSLX -->
