<?xml version="1.0" encoding="UTF-8"?>
<!-- Generated by org.testng.reporters.JUnitReportReporter -->
<testsuite skipped="0" hostname="DESKTOP-D5KJBUL" name="InviteBuyerAdminSubcompanyShare" tests="3" failures="0" timestamp="02 Jul 2018 07:37:48 GMT" time="449.083" errors="0">
  <testcase name="homepageBuyerAdminSubcompanyCS" time="103.169" classname="InviteBuyerAdminSubcompanyShare"/>
  <testcase name="community_InviteFromBuyerAdminSubcompanyShare" time="167.880" classname="InviteBuyerAdminSubcompanyShare"/>
  <testcase name="invite_URL" time="178.034" classname="InviteBuyerAdminSubcompanyShare"/>
</testsuite> <!-- InviteBuyerAdminSubcompanyShare -->
