<?xml version="1.0" encoding="UTF-8"?>
<!-- Generated by org.testng.reporters.JUnitReportReporter -->
<testsuite skipped="0" hostname="DESKTOP-D5KJBUL" name="BulkUpload" tests="2" failures="0" timestamp="02 Jul 2018 07:37:48 GMT" time="62.878" errors="0">
  <testcase name="bulkUploadLogin" time="28.462" classname="BulkUpload"/>
  <testcase name="bulkInvite_settings" time="34.416" classname="BulkUpload"/>
</testsuite> <!-- BulkUpload -->
