<?xml version="1.0" encoding="UTF-8"?>
<!-- Generated by org.testng.reporters.JUnitReportReporter -->
<testsuite skipped="0" hostname="DESKTOP-D5KJBUL" name="InviteSellerAdminNormalShare" tests="3" failures="0" timestamp="02 Jul 2018 07:37:48 GMT" time="405.398" errors="0">
  <testcase name="homepageSellerAdminlogin" time="55.699" classname="InviteSellerAdminNormalShare"/>
  <testcase name="Community_InviteFromSellerAdmin" time="164.807" classname="InviteSellerAdminNormalShare"/>
  <testcase name="invite_URL" time="184.892" classname="InviteSellerAdminNormalShare"/>
</testsuite> <!-- InviteSellerAdminNormalShare -->
