<?xml version="1.0" encoding="UTF-8"?>
<!-- Generated by org.testng.reporters.JUnitReportReporter -->
<testsuite skipped="0" hostname="DESKTOP-D5KJBUL" name="BulkInviteURL" tests="3" failures="0" timestamp="02 Jul 2018 07:37:48 GMT" time="277.285" errors="0">
  <testcase name="homepageCS" time="65.184" classname="BulkInviteURL"/>
  <testcase name="switchShare" time="65.008" classname="BulkInviteURL"/>
  <testcase name="bulkInvite_URL" time="147.093" classname="BulkInviteURL"/>
</testsuite> <!-- BulkInviteURL -->
