<?xml version="1.0" encoding="UTF-8"?>
<!-- Generated by org.testng.reporters.JUnitReportReporter -->
<testsuite skipped="0" hostname="DESKTOP-D5KJBUL" name="InviteBuyerMemberNormalShare" tests="3" failures="0" timestamp="02 Jul 2018 07:37:48 GMT" time="393.054" errors="0">
  <testcase name="homepageBuyerMemberLogin" time="55.710" classname="InviteBuyerMemberNormalShare"/>
  <testcase name="community_InviteFromBuyerMemberNormalShare" time="164.578" classname="InviteBuyerMemberNormalShare"/>
  <testcase name="invite_URL" time="172.766" classname="InviteBuyerMemberNormalShare"/>
</testsuite> <!-- InviteBuyerMemberNormalShare -->
