<?xml version="1.0" encoding="UTF-8"?>
<!-- Generated by org.testng.reporters.JUnitReportReporter -->
<testsuite skipped="0" hostname="DESKTOP-D5KJBUL" name="InviteBuyerMemberSubcompanyShare" tests="3" failures="0" timestamp="02 Jul 2018 07:37:48 GMT" time="372.589" errors="0">
  <testcase name="homepageBuyerMemberSubcompanyShareLogin" time="34.227" classname="InviteBuyerMemberSubcompanyShare"/>
  <testcase name="community_InviteBuyerMemberSubcompanyShare" time="165.445" classname="InviteBuyerMemberSubcompanyShare"/>
  <testcase name="invite_URL" time="172.917" classname="InviteBuyerMemberSubcompanyShare"/>
</testsuite> <!-- InviteBuyerMemberSubcompanyShare -->
