<?xml version="1.0" encoding="UTF-8"?>
<!-- Generated by org.testng.reporters.JUnitReportReporter -->
<testsuite skipped="0" hostname="DESKTOP-D5KJBUL" name="Account" tests="4" failures="0" timestamp="02 Jul 2018 07:37:48 GMT" time="127.934" errors="0">
  <testcase name="accountLogin" time="44.112" classname="Account"/>
  <testcase name="accountPassword" time="22.581" classname="Account"/>
  <testcase name="resetPassword" time="16.090" classname="Account"/>
  <testcase name="disable_MyAccount" time="45.151" classname="Account"/>
</testsuite> <!-- Account -->
