<?xml version="1.0" encoding="UTF-8"?>
<!-- Generated by org.testng.reporters.JUnitReportReporter -->
<testsuite skipped="0" hostname="DESKTOP-D5KJBUL" name="QuickLinks" tests="2" failures="0" timestamp="02 Jul 2018 07:37:48 GMT" time="76.455" errors="0">
  <testcase name="loginAdmin" time="41.056" classname="QuickLinks"/>
  <testcase name="quickLinks" time="35.399" classname="QuickLinks"/>
</testsuite> <!-- QuickLinks -->
