<?xml version="1.0" encoding="UTF-8"?>
<!-- Generated by org.testng.reporters.JUnitReportReporter -->
<testsuite skipped="0" hostname="DESKTOP-D5KJBUL" name="InviteBuyerAdminNormalShare" tests="3" failures="0" timestamp="02 Jul 2018 07:37:48 GMT" time="450.701" errors="0">
  <testcase name="homepageBuyerAdminLoginCS" time="60.382" classname="InviteBuyerAdminNormalShare"/>
  <testcase name="community_StandardInvite" time="216.768" classname="InviteBuyerAdminNormalShare"/>
  <testcase name="invite_URL" time="173.551" classname="InviteBuyerAdminNormalShare"/>
</testsuite> <!-- InviteBuyerAdminNormalShare -->
