<?xml version="1.0" encoding="UTF-8"?>
<!-- Generated by org.testng.reporters.JUnitReportReporter -->
<testsuite skipped="0" hostname="DESKTOP-D5KJBUL" name="LoginMultipleUser" tests="3" failures="0" timestamp="02 Jul 2018 07:37:48 GMT" time="135.860" errors="0">
  <testcase name="loginmember" time="54.263" classname="LoginMultipleUser"/>
  <testcase name="loginmember" time="30.639" classname="LoginMultipleUser"/>
  <testcase name="loginmember" time="50.958" classname="LoginMultipleUser"/>
</testsuite> <!-- LoginMultipleUser -->
